<?xml version="1.0" encoding="UTF-8"?>
<testsuite xmlns:xsi="http://www.w3.org/2001/XMLSchema-instance" xsi:noNamespaceSchemaLocation="https://maven.apache.org/surefire/maven-surefire-plugin/xsd/surefire-test-report.xsd" name="com.nagp.CalculatorTest" time="0.125" tests="5" errors="0" skipped="0" failures="0">
  <properties>
[...]
</properties>
  <testcase name="addsTwoNumbers" classname="com.nagp.CalculatorTest" time="0"/>
  <testcase name="add{int, int, int}[1]" classname="com.nagp.CalculatorTest" time="0.029"/>
  <testcase name="add{int, int, int}[2]" classname="com.nagp.CalculatorTest" time="0.001"/>
  <testcase name="add{int, int, int}[3]" classname="com.nagp.CalculatorTest" time="0"/>
  <testcase name="add{int, int, int}[4]" classname="com.nagp.CalculatorTest" time="0.002"/>
</testsuite>